<?xml version="1.0" encoding="UTF-8"?>
<!-- Generated by org.testng.reporters.JUnitXMLReporter -->
<testsuite hostname="IRL31-L-37PCNF2" ignored="0" name="Command line test" tests="6" failures="0" timestamp="2021-05-29T21:06:28 BST" time="0.034" errors="0">
  <testcase name="IOSApps" time="0.003" classname="MavenForJenkins.MVNForJenkins.AppiumTest"/>
  <testcase name="NativeAPpAndroid" time="0.0" classname="MavenForJenkins.MVNForJenkins.AppiumTest"/>
  <testcase name="deleteTwitter" time="0.0" classname="MavenForJenkins.MVNForJenkins.RESTAPITest"/>
  <testcase name="postJira" time="0.0" classname="MavenForJenkins.MVNForJenkins.RESTAPITest"/>
  <testcase name="BrowserAUtomation" time="0.0" classname="MavenForJenkins.MVNForJenkins.SeleniumTest"/>
  <testcase name="elementsUi" time="0.0" classname="MavenForJenkins.MVNForJenkins.SeleniumTest"/>
</testsuite> <!-- Command line test -->
