<?xml version="1.0" encoding="UTF-8" ?>
<testsuite tests="6" failures="0" name="TestSuite" time="0.004" errors="0" skipped="0">
  <properties>
[...]
</properties>
  <testcase classname="MavenForJenkins.MVNForJenkins.AppiumTest" name="IOSApps" time="0.004"/>
  <testcase classname="MavenForJenkins.MVNForJenkins.AppiumTest" name="NativeAPpAndroid" time="0"/>
  <testcase classname="MavenForJenkins.MVNForJenkins.RESTAPITest" name="deleteTwitter" time="0"/>
  <testcase classname="MavenForJenkins.MVNForJenkins.RESTAPITest" name="postJira" time="0"/>
  <testcase classname="MavenForJenkins.MVNForJenkins.SeleniumTest" name="BrowserAUtomation" time="0"/>
  <testcase classname="MavenForJenkins.MVNForJenkins.SeleniumTest" name="elementsUi" time="0"/>
</testsuite>